[2022-02-04 02:10:22.362] [INFO] [org.springframework.boot.logging.DeferredLog]: [255] [Devtools property defaults active! Set 'spring.devtools.add-properties' to 'false' to disable]
[2022-02-04 02:10:22.363] [INFO] [org.springframework.boot.logging.DeferredLog]: [255] [For additional web related logging consider setting the 'logging.level.web' property to 'DEBUG']
[2022-02-04 02:10:23.062] [INFO] [org.springframework.boot.web.embedded.tomcat.TomcatWebServer]: [108] [Tomcat initialized with port(s): 8080 (http)]
[2022-02-04 02:10:23.069] [INFO] [org.apache.juli.logging.DirectJDKLog]: [173] [Initializing ProtocolHandler ["http-nio-8080"]]
[2022-02-04 02:10:23.069] [INFO] [org.apache.juli.logging.DirectJDKLog]: [173] [Starting service [Tomcat]]
[2022-02-04 02:10:23.107] [INFO] [org.apache.juli.logging.DirectJDKLog]: [173] [Starting Servlet engine: [Apache Tomcat/9.0.56]]
[2022-02-04 02:10:23.165] [INFO] [org.apache.juli.logging.DirectJDKLog]: [173] [Initializing Spring embedded WebApplicationContext]
[2022-02-04 02:10:23.165] [INFO] [org.springframework.boot.web.servlet.context.ServletWebServerApplicationContext]: [290] [Root WebApplicationContext: initialization completed in 801 ms]
[2022-02-04 02:10:23.404] [INFO] [org.springframework.boot.devtools.autoconfigure.OptionalLiveReloadServer]: [58] [LiveReload server is running on port 35729]
[2022-02-04 02:10:23.416] [INFO] [org.apache.juli.logging.DirectJDKLog]: [173] [Starting ProtocolHandler ["http-nio-8080"]]
[2022-02-04 02:10:23.432] [INFO] [org.springframework.boot.web.embedded.tomcat.TomcatWebServer]: [220] [Tomcat started on port(s): 8080 (http) with context path '']
[2022-02-04 02:10:51.486] [INFO] [org.apache.juli.logging.DirectJDKLog]: [173] [Initializing Spring DispatcherServlet 'dispatcherServlet']
[2022-02-04 02:10:51.487] [INFO] [org.springframework.web.servlet.FrameworkServlet]: [525] [Initializing Servlet 'dispatcherServlet']
[2022-02-04 02:10:51.488] [INFO] [org.springframework.web.servlet.FrameworkServlet]: [547] [Completed initialization in 1 ms]
[2022-02-04 02:11:22.825] [INFO] [org.springframework.boot.web.embedded.tomcat.TomcatWebServer]: [108] [Tomcat initialized with port(s): 8080 (http)]
[2022-02-04 02:11:22.826] [INFO] [org.apache.juli.logging.DirectJDKLog]: [173] [Initializing ProtocolHandler ["http-nio-8080"]]
[2022-02-04 02:11:22.826] [INFO] [org.apache.juli.logging.DirectJDKLog]: [173] [Starting service [Tomcat]]
[2022-02-04 02:11:22.826] [INFO] [org.apache.juli.logging.DirectJDKLog]: [173] [Starting Servlet engine: [Apache Tomcat/9.0.56]]
[2022-02-04 02:11:22.840] [INFO] [org.apache.juli.logging.DirectJDKLog]: [173] [Initializing Spring embedded WebApplicationContext]
[2022-02-04 02:11:22.841] [INFO] [org.springframework.boot.web.servlet.context.ServletWebServerApplicationContext]: [290] [Root WebApplicationContext: initialization completed in 160 ms]
[2022-02-04 02:11:22.894] [INFO] [org.springframework.boot.devtools.autoconfigure.OptionalLiveReloadServer]: [58] [LiveReload server is running on port 35729]
[2022-02-04 02:11:22.899] [INFO] [org.apache.juli.logging.DirectJDKLog]: [173] [Starting ProtocolHandler ["http-nio-8080"]]
[2022-02-04 02:11:22.901] [INFO] [org.springframework.boot.web.embedded.tomcat.TomcatWebServer]: [220] [Tomcat started on port(s): 8080 (http) with context path '']
[2022-02-04 02:11:22.905] [INFO] [org.springframework.boot.devtools.autoconfigure.ConditionEvaluationDeltaLoggingListener]: [63] [Condition evaluation unchanged]
[2022-02-04 02:11:46.588] [INFO] [org.apache.juli.logging.DirectJDKLog]: [173] [Initializing Spring DispatcherServlet 'dispatcherServlet']
[2022-02-04 02:11:46.590] [INFO] [org.springframework.web.servlet.FrameworkServlet]: [525] [Initializing Servlet 'dispatcherServlet']
[2022-02-04 02:11:46.591] [INFO] [org.springframework.web.servlet.FrameworkServlet]: [547] [Completed initialization in 1 ms]
[2022-02-04 02:11:57.685] [INFO] [org.springframework.boot.admin.SpringApplicationAdminMXBeanRegistrar$SpringApplicationAdmin]: [159] [Application shutdown requested.]
